Reading file bigf.pls ....Please wait
The input file bigf.pls has not been completely loaded.
Last character read from the input file is: a 97
Input file size: 33609

Printing buffer parameters:

The capacity of the buffer is:  200
The current size of the buffer is:  200
The operational mode of the buffer is:   0
The increment factor of the buffer is:  0
The first symbol in the buffer is:  I
The value of the flags field is: FFF9

Printing buffer contents:

In Winter 2020 S^R said: Test your buffer... yada
C Data Types yada yada yada yada yada yada yada  
and Buffer Overflow yada yada yada yada yada yada
C Data Types yada yada yada yada yada yada yada  


Printing buffer parameters:

The capacity of the buffer is:  201
The current size of the buffer is:  201
The operational mode of the buffer is:   0
The increment factor of the buffer is:  0
The first symbol in the buffer is:  I
The value of the flags field is: FFFD

Printing buffer contents:

In Winter 2020 S^R said: Test your buffer... yada
C Data Types yada yada yada yada yada yada yada  
and Buffer Overflow yada yada yada yada yada yada
C Data Types yada yada yada yada yada yada yada  
ÿ
